<?xml version="1.0" encoding="UTF-8"?>
<robot generator="Robot 5.0.1 (Python 3.9.13 on win32)" generated="20230214 11:53:31.325" rpa="true" schemaversion="3">
<suite id="s1" name="Tasks" source="c:\Users\Nexler\OneDrive - nexler\Documenten\Certificate level II Build a robot\tasks.robot">
<test id="s1-t1" name="Order robots from RobotSpareBin Industries Inc" line="23">
<kw name="Get Secret" library="RPA.Robocorp.Vault">
<var>${secret}</var>
<arg>credentials</arg>
<doc>Read a secret from the configured source, e.g. Robocorp Vault,
and return it as a ``Secret`` object.</doc>
<msg timestamp="20230214 11:53:34.275" level="INFO">Protecting keyword: RPA.Robocorp.Vault.Get Secret</msg>
<msg timestamp="20230214 11:53:34.278" level="INFO">Log level changed from NONE to INFO.</msg>
<status status="PASS" starttime="20230214 11:53:34.275" endtime="20230214 11:53:34.277"/>
</kw>
<kw name="Log" library="BuiltIn">
<arg>${secret}[string_one]</arg>
<doc>Logs the given message with the given level.</doc>
<msg timestamp="20230214 11:53:34.278" level="INFO">some-string</msg>
<status status="PASS" starttime="20230214 11:53:34.278" endtime="20230214 11:53:34.281"/>
</kw>
<kw name="Log" library="BuiltIn">
<arg>${secret}[String_two]</arg>
<doc>Logs the given message with the given level.</doc>
<msg timestamp="20230214 11:53:34.282" level="INFO">some-strin_two</msg>
<status status="PASS" starttime="20230214 11:53:34.282" endtime="20230214 11:53:34.282"/>
</kw>
<kw name="Input form dialog">
<kw name="Add heading" library="RPA.Dialogs">
<arg>Send feedback</arg>
<doc>Add a centered heading text element</doc>
<status status="PASS" starttime="20230214 11:53:34.283" endtime="20230214 11:53:34.283"/>
</kw>
<kw name="Add text input" library="RPA.Dialogs">
<arg>email</arg>
<arg>label=E-mail address</arg>
<tag>input</tag>
<doc>Add a text input element</doc>
<status status="PASS" starttime="20230214 11:53:34.283" endtime="20230214 11:53:34.284"/>
</kw>
<kw name="Add text input" library="RPA.Dialogs">
<arg>message</arg>
<arg>label=Feedback</arg>
<arg>placeholder=Enter feedback here</arg>
<arg>rows=5</arg>
<tag>input</tag>
<doc>Add a text input element</doc>
<status status="PASS" starttime="20230214 11:53:34.284" endtime="20230214 11:53:34.284"/>
</kw>
<kw name="Run dialog" library="RPA.Dialogs">
<var>${result}</var>
<tag>dialog</tag>
<doc>Create a dialog from all the defined elements and block
until the user has handled it.</doc>
<msg timestamp="20230214 11:53:34.285" level="INFO">Protecting keyword: RPA.Dialogs.Run dialog</msg>
<msg timestamp="20230214 11:54:11.727" level="INFO">Log level changed from NONE to INFO.</msg>
<status status="FAIL" starttime="20230214 11:53:34.285" endtime="20230214 11:54:11.727"/>
</kw>
<kw name="Log" library="BuiltIn">
<arg>${result.email} ${result.message}</arg>
<doc>Logs the given message with the given level.</doc>
<status status="NOT RUN" starttime="20230214 11:54:11.728" endtime="20230214 11:54:11.728"/>
</kw>
<status status="FAIL" starttime="20230214 11:53:34.282" endtime="20230214 11:54:11.728"/>
</kw>
<kw name="Open the robot order website">
<status status="NOT RUN" starttime="20230214 11:54:11.729" endtime="20230214 11:54:11.729"/>
</kw>
<kw name="Get orders">
<var>${orders}</var>
<status status="NOT RUN" starttime="20230214 11:54:11.730" endtime="20230214 11:54:11.730"/>
</kw>
<for flavor="IN">
<var>${row}</var>
<value>@{orders}</value>
<iter>
<var name="${row}"/>
<kw name="Close the annoying modal">
<status status="NOT RUN" starttime="20230214 11:54:11.731" endtime="20230214 11:54:11.731"/>
</kw>
<kw name="Fill the form">
<arg>${row}</arg>
<status status="NOT RUN" starttime="20230214 11:54:11.731" endtime="20230214 11:54:11.731"/>
</kw>
<kw name="Preview the robot">
<status status="NOT RUN" starttime="20230214 11:54:11.732" endtime="20230214 11:54:11.732"/>
</kw>
<kw name="Store the receipt as a PDF file">
<var>${pdf}</var>
<arg>${row}[Order number]</arg>
<doc>Saves the order HTML receipt as a PDF file.</doc>
<status status="NOT RUN" starttime="20230214 11:54:11.732" endtime="20230214 11:54:11.732"/>
</kw>
<kw name="Take a screenshot of the robot">
<var>${screenshot}</var>
<arg>${row}[Order number]</arg>
<doc>Saves the screenshot of the ordered robot.</doc>
<status status="NOT RUN" starttime="20230214 11:54:11.732" endtime="20230214 11:54:11.733"/>
</kw>
<kw name="Embed the robot screenshot to the receipt PDF file">
<arg>${row}[Order number]</arg>
<status status="NOT RUN" starttime="20230214 11:54:11.733" endtime="20230214 11:54:11.733"/>
</kw>
<kw name="Go to order another robot">
<status status="NOT RUN" starttime="20230214 11:54:11.733" endtime="20230214 11:54:11.733"/>
</kw>
<status status="NOT RUN" starttime="20230214 11:54:11.731" endtime="20230214 11:54:11.733"/>
</iter>
<status status="NOT RUN" starttime="20230214 11:54:11.730" endtime="20230214 11:54:11.733"/>
</for>
<kw name="Create a ZIP file of the receipts">
<status status="NOT RUN" starttime="20230214 11:54:11.734" endtime="20230214 11:54:11.734"/>
</kw>
<status status="FAIL" starttime="20230214 11:53:34.273" endtime="20230214 11:54:11.735">Aborted by user</status>
</test>
<doc>Orders robots from RobotSpareBin Industries Inc.
Saves the order HTML receipt as a PDF file.
Saves the screenshot of the ordered robot.
Embeds the screenshot of the robot to the PDF receipt.
Creates ZIP archive of the receipts and the images.</doc>
<status status="FAIL" starttime="20230214 11:53:31.343" endtime="20230214 11:54:11.737"/>
</suite>
<statistics>
<total>
<stat pass="0" fail="1" skip="0">All Tasks</stat>
</total>
<tag>
</tag>
<suite>
<stat pass="0" fail="1" skip="0" id="s1" name="Tasks">Tasks</stat>
</suite>
</statistics>
<errors>
</errors>
</robot>
